#-----------------------------------------------------------
# Webtalk v2019.1 (64-bit)
# SW Build 2552052 on Fri May 24 14:49:42 MDT 2019
# 
# Start of session at: Tue Nov 14 10:28:50 2023
# Process ID: 11200
# Current directory: C:/vivado_projects/oggi/lab_uart/lab_uart/image_uart_Z7/image_uart_Z7.sdk/webtalk
# Command line: wbtcv.exe -mode batch -source sdk_webtalk.tcl
# Log file: C:/vivado_projects/oggi/lab_uart/lab_uart/image_uart_Z7/image_uart_Z7.sdk/webtalk/webtalk.log
# Journal file: C:/vivado_projects/oggi/lab_uart/lab_uart/image_uart_Z7/image_uart_Z7.sdk/webtalk\webtalk.jou
#-----------------------------------------------------------
source sdk_webtalk.tcl
# webtalk_init -webtalk_dir C:\\vivado_projects\\oggi\\lab_uart\\lab_uart\\image_uart_Z7\\image_uart_Z7.sdk\\webtalk
# webtalk_register_client -client project
# webtalk_add_data -client project -key date_generated -value "2023-11-14 10:28:49" -context "software_version_and_target_device"
# webtalk_add_data -client project -key product_version -value "SDK v2019.1" -context "software_version_and_target_device"
# webtalk_add_data -client project -key build_version -value "2019.1" -context "software_version_and_target_device"
# webtalk_add_data -client project -key os_platform -value "amd64" -context "software_version_and_target_device"
# webtalk_add_data -client project -key registration_id -value "" -context "software_version_and_target_device"
# webtalk_add_data -client project -key tool_flow -value "SDK" -context "software_version_and_target_device"
# webtalk_add_data -client project -key beta -value "false" -context "software_version_and_target_device"
# webtalk_add_data -client project -key route_design -value "NA" -context "software_version_and_target_device"
# webtalk_add_data -client project -key target_family -value "NA" -context "software_version_and_target_device"
# webtalk_add_data -client project -key target_device -value "NA" -context "software_version_and_target_device"
# webtalk_add_data -client project -key target_package -value "NA" -context "software_version_and_target_device"
# webtalk_add_data -client project -key target_speed -value "NA" -context "software_version_and_target_device"
# webtalk_add_data -client project -key random_id -value "ep3vb6o57a4ijnqhlg923trpvv" -context "software_version_and_target_device"
# webtalk_add_data -client project -key project_id -value "2019.1_23" -context "software_version_and_target_device"
# webtalk_add_data -client project -key project_iteration -value "23" -context "software_version_and_target_device"
# webtalk_add_data -client project -key os_name -value "Microsoft Windows 8 or later , 64-bit" -context "user_environment"
# webtalk_add_data -client project -key os_release -value "major release  (build 9200)" -context "user_environment"
# webtalk_add_data -client project -key cpu_name -value "Intel(R) Core(TM) i7-8550U CPU @ 1.80GHz" -context "user_environment"
# webtalk_add_data -client project -key cpu_speed -value "1992 MHz" -context "user_environment"
# webtalk_add_data -client project -key total_processors -value "1" -context "user_environment"
# webtalk_add_data -client project -key system_ram -value "17.034 GB" -context "user_environment"
# webtalk_register_client -client sdk
# webtalk_add_data -client sdk -key uid -value "1699953287189" -context "sdk\\\\bsp/1699953287189"
# webtalk_add_data -client sdk -key hwid -value "1636393994000" -context "sdk\\\\bsp/1699953287189"
# webtalk_add_data -client sdk -key os -value "standalone" -context "sdk\\\\bsp/1699953287189"
# webtalk_add_data -client sdk -key apptemplate -value "hello_world" -context "sdk\\\\bsp/1699953287189"
# webtalk_add_data -client sdk -key RecordType -value "BSPCreation" -context "sdk\\\\bsp/1699953287189"
# webtalk_add_data -client sdk -key uid -value "1699953288903" -context "sdk\\\\application/1699953288903"
# webtalk_add_data -client sdk -key hwid -value "1636393994000" -context "sdk\\\\application/1699953288903"
# webtalk_add_data -client sdk -key bspid -value "1699953287189" -context "sdk\\\\application/1699953288903"
# webtalk_add_data -client sdk -key newbsp -value "true" -context "sdk\\\\application/1699953288903"
# webtalk_add_data -client sdk -key os -value "standalone" -context "sdk\\\\application/1699953288903"
# webtalk_add_data -client sdk -key apptemplate -value "hello_world" -context "sdk\\\\application/1699953288903"
# webtalk_add_data -client sdk -key RecordType -value "APPCreation" -context "sdk\\\\application/1699953288903"
# webtalk_add_data -client sdk -key LangUsed -value "C" -context "sdk\\\\application/1699953288903"
# webtalk_add_data -client sdk -key Procused -value "ps7_cortexa9" -context "sdk\\\\application/1699953288903"
# webtalk_add_data -client sdk -key projSize -value "247.6171875" -context "sdk\\\\application/1699953288903"
# webtalk_add_data -client sdk -key uid -value "NA" -context "sdk\\\\bsp/1699954128955"
# webtalk_add_data -client sdk -key RecordType -value "ToolUsage" -context "sdk\\\\bsp/1699954128955"
# webtalk_add_data -client sdk -key BootgenCount -value "0" -context "sdk\\\\bsp/1699954128955"
# webtalk_add_data -client sdk -key DebugCount -value "0" -context "sdk\\\\bsp/1699954128955"
# webtalk_add_data -client sdk -key PerfCount -value "0" -context "sdk\\\\bsp/1699954128955"
# webtalk_add_data -client sdk -key FlashCount -value "0" -context "sdk\\\\bsp/1699954128955"
# webtalk_add_data -client sdk -key CrossTriggCount -value "0" -context "sdk\\\\bsp/1699954128955"
# webtalk_add_data -client sdk -key QemuDebugCount -value "0" -context "sdk\\\\bsp/1699954128955"
# webtalk_transmit -clientid 3618198650 -regid "" -xml C:\\vivado_projects\\oggi\\lab_uart\\lab_uart\\image_uart_Z7\\image_uart_Z7.sdk\\webtalk\\usage_statistics_ext_sdk.xml -html C:\\vivado_projects\\oggi\\lab_uart\\lab_uart\\image_uart_Z7\\image_uart_Z7.sdk\\webtalk\\usage_statistics_ext_sdk.html -wdm C:\\vivado_projects\\oggi\\lab_uart\\lab_uart\\image_uart_Z7\\image_uart_Z7.sdk\\webtalk\\sdk_webtalk.wdm -intro "<H3>SDK Usage Report</H3><BR>"
# webtalk_terminate
INFO: [Common 17-206] Exiting Webtalk at Tue Nov 14 10:28:56 2023...
